d:\solarsystem\solarsystem\debug\vc141.pdb
d:\solarsystem\solarsystem\debug\vc141.idb
d:\solarsystem\solarsystem\debug\glad.obj
d:\solarsystem\solarsystem\debug\imgui_impl_glfw_gl3.obj
d:\solarsystem\solarsystem\debug\imgui_draw.obj
d:\solarsystem\solarsystem\debug\imgui.obj
d:\solarsystem\solarsystem\debug\stb_image.obj
d:\solarsystem\solarsystem\debug\main.obj
d:\cgproject\solarsystem\solarsystem\debug\vc141.pdb
d:\cgproject\solarsystem\solarsystem\debug\vc141.idb
d:\cgproject\solarsystem\solarsystem\debug\glad.obj
d:\cgproject\solarsystem\solarsystem\debug\main.obj
d:\cgproject\solarsystem\solarsystem\debug\imgui_impl_glfw_gl3.obj
d:\cgproject\solarsystem\solarsystem\debug\imgui_draw.obj
d:\cgproject\solarsystem\solarsystem\debug\imgui.obj
d:\solarsystem\debug\solarsystem.ilk
d:\solarsystem\debug\solarsystem.exe
d:\solarsystem\debug\solarsystem.pdb
d:\cgproject\solarsystem\debug\solarsystem.exe
d:\cgproject\solarsystem\debug\solarsystem.ilk
d:\cgproject\solarsystem\debug\solarsystem.pdb
d:\cgproject\solarsystem\solarsystem\debug\stb_image.obj
d:\cgproject\solarsystem\solarsystem\debug\solarsystem.tlog\cl.command.1.tlog
d:\cgproject\solarsystem\solarsystem\debug\solarsystem.tlog\cl.read.1.tlog
d:\cgproject\solarsystem\solarsystem\debug\solarsystem.tlog\cl.write.1.tlog
d:\cgproject\solarsystem\solarsystem\debug\solarsystem.tlog\link.command.1.tlog
d:\cgproject\solarsystem\solarsystem\debug\solarsystem.tlog\link.read.1.tlog
d:\cgproject\solarsystem\solarsystem\debug\solarsystem.tlog\link.write.1.tlog
